{"name": "TC02 - Select multiple", "status": "failed", "statusDetails": {"message": "Failed: Test failed, see attached screen shot", "trace": "self = <DemoQA.test_actions.TestActionsChains object at 0x0000015667F692D0>\n\n    @allure.title(\"TC02 - Select multiple\")\n    @allure.description(\"This TC test a multi select in a menu\")\n    def test_multy_select(self):\n        try:\n>           self.step_go_to_multy_select()\n\ntest_actions.py:77: \n_ _ _ _ _ _ _ _ _ _ _ _ _ _ _ _ _ _ _ _ _ _ _ _ _ _ _ _ _ _ _ _ _ _ _ _ _ _ _ _ _ _ _ _ _ _ _ _ _ _ _ _ _ _ _ _ _ _ _ _ _ _ _ _ _ _ _ _ _ _ _ _ _ _ _ _ _ _ _ _ _ _ _ _ _ _ _ _ _ _ _ _\n\na = (<DemoQA.test_actions.TestActionsChains object at 0x0000015667F692D0>,), kw = {}, __tracebackhide__ = True, params = OrderedDict()\nargs = ['<DemoQA.test_actions.TestActionsChains object at 0x0000015667F692D0>']\n\n    @wraps(func)\n    def impl(*a, **kw):\n        __tracebackhide__ = True\n        params = func_parameters(func, *a, **kw)\n        args = list(map(lambda x: represent(x), a))\n        with StepContext(self.title.format(*args, **params), params):\n>           return func(*a, **kw)\n\n..\\..\\..\\AppData\\Roaming\\Python\\Python311\\site-packages\\allure_commons\\_allure.py:192: \n_ _ _ _ _ _ _ _ _ _ _ _ _ _ _ _ _ _ _ _ _ _ _ _ _ _ _ _ _ _ _ _ _ _ _ _ _ _ _ _ _ _ _ _ _ _ _ _ _ _ _ _ _ _ _ _ _ _ _ _ _ _ _ _ _ _ _ _ _ _ _ _ _ _ _ _ _ _ _ _ _ _ _ _ _ _ _ _ _ _ _ _\n\nself = <DemoQA.test_actions.TestActionsChains object at 0x0000015667F692D0>\n\n    @allure.step(\"Step1- Navigate to multy select menu\")\n    def step_go_to_multy_select(self):\n>       driver.get(\"https://demoqa.com/selectable\")\n\ntest_actions.py:86: \n_ _ _ _ _ _ _ _ _ _ _ _ _ _ _ _ _ _ _ _ _ _ _ _ _ _ _ _ _ _ _ _ _ _ _ _ _ _ _ _ _ _ _ _ _ _ _ _ _ _ _ _ _ _ _ _ _ _ _ _ _ _ _ _ _ _ _ _ _ _ _ _ _ _ _ _ _ _ _ _ _ _ _ _ _ _ _ _ _ _ _ _\n\nself = <selenium.webdriver.chrome.webdriver.WebDriver (session=\"6b0b836969a9321776ec072df03ce7f9\")>, url = 'https://demoqa.com/selectable'\n\n    def get(self, url: str) -> None:\n        \"\"\"\n        Loads a web page in the current browser session.\n        \"\"\"\n>       self.execute(Command.GET, {\"url\": url})\n\n..\\..\\..\\AppData\\Roaming\\Python\\Python311\\site-packages\\selenium\\webdriver\\remote\\webdriver.py:455: \n_ _ _ _ _ _ _ _ _ _ _ _ _ _ _ _ _ _ _ _ _ _ _ _ _ _ _ _ _ _ _ _ _ _ _ _ _ _ _ _ _ _ _ _ _ _ _ _ _ _ _ _ _ _ _ _ _ _ _ _ _ _ _ _ _ _ _ _ _ _ _ _ _ _ _ _ _ _ _ _ _ _ _ _ _ _ _ _ _ _ _ _\n\nself = <selenium.webdriver.chrome.webdriver.WebDriver (session=\"6b0b836969a9321776ec072df03ce7f9\")>, driver_command = 'get', params = {'url': 'https://demoqa.com/selectable'}\n\n    def execute(self, driver_command: str, params: dict = None) -> dict:\n        \"\"\"\n        Sends a command to be executed by a command.CommandExecutor.\n    \n        :Args:\n         - driver_command: The name of the command to execute as a string.\n         - params: A dictionary of named parameters to send with the command.\n    \n        :Returns:\n          The command's JSON response loaded into a dictionary object.\n        \"\"\"\n        params = self._wrap_value(params)\n    \n        if self.session_id:\n            if not params:\n                params = {\"sessionId\": self.session_id}\n            elif \"sessionId\" not in params:\n                params[\"sessionId\"] = self.session_id\n    \n        response = self.command_executor.execute(driver_command, params)\n        if response:\n>           self.error_handler.check_response(response)\n\n..\\..\\..\\AppData\\Roaming\\Python\\Python311\\site-packages\\selenium\\webdriver\\remote\\webdriver.py:444: \n_ _ _ _ _ _ _ _ _ _ _ _ _ _ _ _ _ _ _ _ _ _ _ _ _ _ _ _ _ _ _ _ _ _ _ _ _ _ _ _ _ _ _ _ _ _ _ _ _ _ _ _ _ _ _ _ _ _ _ _ _ _ _ _ _ _ _ _ _ _ _ _ _ _ _ _ _ _ _ _ _ _ _ _ _ _ _ _ _ _ _ _\n\nself = <selenium.webdriver.remote.errorhandler.ErrorHandler object at 0x00000156680D1E90>\nresponse = {'status': 500, 'value': '{\"value\":{\"error\":\"timeout\",\"message\":\"timeout: Timed out receiving message from renderer: 2...dInitThunk [0x75B47D69+25]\\\\n\\\\tRtlInitializeExceptionChain [0x7737BB9B+107]\\\\n\\\\tRtlClearBits [0x7737BB1F+191]\\\\n\"}}'}\n\n    def check_response(self, response: Dict[str, Any]) -> None:\n        \"\"\"\n        Checks that a JSON response from the WebDriver does not have an error.\n    \n        :Args:\n         - response - The JSON response from the WebDriver server as a dictionary\n           object.\n    \n        :Raises: If the response contains an error message.\n        \"\"\"\n        status = response.get(\"status\", None)\n        if not status or status == ErrorCode.SUCCESS:\n            return\n        value = None\n        message = response.get(\"message\", \"\")\n        screen: str = response.get(\"screen\", \"\")\n        stacktrace = None\n        if isinstance(status, int):\n            value_json = response.get(\"value\", None)\n            if value_json and isinstance(value_json, str):\n                import json\n    \n                try:\n                    value = json.loads(value_json)\n                    if len(value.keys()) == 1:\n                        value = value[\"value\"]\n                    status = value.get(\"error\", None)\n                    if not status:\n                        status = value.get(\"status\", ErrorCode.UNKNOWN_ERROR)\n                        message = value.get(\"value\") or value.get(\"message\")\n                        if not isinstance(message, str):\n                            value = message\n                            message = message.get(\"message\")\n                    else:\n                        message = value.get(\"message\", None)\n                except ValueError:\n                    pass\n    \n        exception_class: Type[WebDriverException]\n        if status in ErrorCode.NO_SUCH_ELEMENT:\n            exception_class = NoSuchElementException\n        elif status in ErrorCode.NO_SUCH_FRAME:\n            exception_class = NoSuchFrameException\n        elif status in ErrorCode.NO_SUCH_SHADOW_ROOT:\n            exception_class = NoSuchShadowRootException\n        elif status in ErrorCode.NO_SUCH_WINDOW:\n            exception_class = NoSuchWindowException\n        elif status in ErrorCode.STALE_ELEMENT_REFERENCE:\n            exception_class = StaleElementReferenceException\n        elif status in ErrorCode.ELEMENT_NOT_VISIBLE:\n            exception_class = ElementNotVisibleException\n        elif status in ErrorCode.INVALID_ELEMENT_STATE:\n            exception_class = InvalidElementStateException\n        elif (\n            status in ErrorCode.INVALID_SELECTOR\n            or status in ErrorCode.INVALID_XPATH_SELECTOR\n            or status in ErrorCode.INVALID_XPATH_SELECTOR_RETURN_TYPER\n        ):\n            exception_class = InvalidSelectorException\n        elif status in ErrorCode.ELEMENT_IS_NOT_SELECTABLE:\n            exception_class = ElementNotSelectableException\n        elif status in ErrorCode.ELEMENT_NOT_INTERACTABLE:\n            exception_class = ElementNotInteractableException\n        elif status in ErrorCode.INVALID_COOKIE_DOMAIN:\n            exception_class = InvalidCookieDomainException\n        elif status in ErrorCode.UNABLE_TO_SET_COOKIE:\n            exception_class = UnableToSetCookieException\n        elif status in ErrorCode.TIMEOUT:\n            exception_class = TimeoutException\n        elif status in ErrorCode.SCRIPT_TIMEOUT:\n            exception_class = TimeoutException\n        elif status in ErrorCode.UNKNOWN_ERROR:\n            exception_class = WebDriverException\n        elif status in ErrorCode.UNEXPECTED_ALERT_OPEN:\n            exception_class = UnexpectedAlertPresentException\n        elif status in ErrorCode.NO_ALERT_OPEN:\n            exception_class = NoAlertPresentException\n        elif status in ErrorCode.IME_NOT_AVAILABLE:\n            exception_class = ImeNotAvailableException\n        elif status in ErrorCode.IME_ENGINE_ACTIVATION_FAILED:\n            exception_class = ImeActivationFailedException\n        elif status in ErrorCode.MOVE_TARGET_OUT_OF_BOUNDS:\n            exception_class = MoveTargetOutOfBoundsException\n        elif status in ErrorCode.JAVASCRIPT_ERROR:\n            exception_class = JavascriptException\n        elif status in ErrorCode.SESSION_NOT_CREATED:\n            exception_class = SessionNotCreatedException\n        elif status in ErrorCode.INVALID_ARGUMENT:\n            exception_class = InvalidArgumentException\n        elif status in ErrorCode.NO_SUCH_COOKIE:\n            exception_class = NoSuchCookieException\n        elif status in ErrorCode.UNABLE_TO_CAPTURE_SCREEN:\n            exception_class = ScreenshotException\n        elif status in ErrorCode.ELEMENT_CLICK_INTERCEPTED:\n            exception_class = ElementClickInterceptedException\n        elif status in ErrorCode.INSECURE_CERTIFICATE:\n            exception_class = InsecureCertificateException\n        elif status in ErrorCode.INVALID_COORDINATES:\n            exception_class = InvalidCoordinatesException\n        elif status in ErrorCode.INVALID_SESSION_ID:\n            exception_class = InvalidSessionIdException\n        elif status in ErrorCode.UNKNOWN_METHOD:\n            exception_class = UnknownMethodException\n        else:\n            exception_class = WebDriverException\n        if not value:\n            value = response[\"value\"]\n        if isinstance(value, str):\n            raise exception_class(value)\n        if message == \"\" and \"message\" in value:\n            message = value[\"message\"]\n    \n        screen = None  # type: ignore[assignment]\n        if \"screen\" in value:\n            screen = value[\"screen\"]\n    \n        stacktrace = None\n        st_value = value.get(\"stackTrace\") or value.get(\"stacktrace\")\n        if st_value:\n            if isinstance(st_value, str):\n                stacktrace = st_value.split(\"\\n\")\n            else:\n                stacktrace = []\n                try:\n                    for frame in st_value:\n                        line = frame.get(\"lineNumber\", \"\")\n                        file = frame.get(\"fileName\", \"<anonymous>\")\n                        if line:\n                            file = f\"{file}:{line}\"\n                        meth = frame.get(\"methodName\", \"<anonymous>\")\n                        if \"className\" in frame:\n                            meth = \"{}.{}\".format(frame[\"className\"], meth)\n                        msg = \"    at %s (%s)\"\n                        msg = msg % (meth, file)\n                        stacktrace.append(msg)\n                except TypeError:\n                    pass\n        if exception_class == UnexpectedAlertPresentException:\n            alert_text = None\n            if \"data\" in value:\n                alert_text = value[\"data\"].get(\"text\")\n            elif \"alert\" in value:\n                alert_text = value[\"alert\"].get(\"text\")\n            raise exception_class(message, screen, stacktrace, alert_text)  # type: ignore[call-arg]  # mypy is not smart enough here\n>       raise exception_class(message, screen, stacktrace)\nE       selenium.common.exceptions.TimeoutException: Message: timeout: Timed out receiving message from renderer: 2.803\nE         (Session info: chrome=108.0.5359.125)\nE       Stacktrace:\nE       Backtrace:\nE       \t(No symbol) [0x00F0F243]\nE       \t(No symbol) [0x00E97FD1]\nE       \t(No symbol) [0x00D8D04D]\nE       \t(No symbol) [0x00D7FC24]\nE       \t(No symbol) [0x00D7FA5C]\nE       \t(No symbol) [0x00D7E7E8]\nE       \t(No symbol) [0x00D7EEF7]\nE       \t(No symbol) [0x00D87F08]\nE       \t(No symbol) [0x00D93455]\nE       \t(No symbol) [0x00D96766]\nE       \t(No symbol) [0x00D7F2A1]\nE       \t(No symbol) [0x00D9328F]\nE       \t(No symbol) [0x00DECDCE]\nE       \t(No symbol) [0x00DD8386]\nE       \t(No symbol) [0x00DB163C]\nE       \t(No symbol) [0x00DB269D]\nE       \tGetHandleVerifier [0x011A9A22+2655074]\nE       \tGetHandleVerifier [0x0119CA24+2601828]\nE       \tGetHandleVerifier [0x00FB8C0A+619850]\nE       \tGetHandleVerifier [0x00FB7830+614768]\nE       \t(No symbol) [0x00EA05FC]\nE       \t(No symbol) [0x00EA5968]\nE       \t(No symbol) [0x00EA5A55]\nE       \t(No symbol) [0x00EB051B]\nE       \tBaseThreadInitThunk [0x75B47D69+25]\nE       \tRtlInitializeExceptionChain [0x7737BB9B+107]\nE       \tRtlClearBits [0x7737BB1F+191]\n\n..\\..\\..\\AppData\\Roaming\\Python\\Python311\\site-packages\\selenium\\webdriver\\remote\\errorhandler.py:249: TimeoutException\n\nDuring handling of the above exception, another exception occurred:\n\nself = <DemoQA.test_actions.TestActionsChains object at 0x0000015667F692D0>\n\n    @allure.title(\"TC02 - Select multiple\")\n    @allure.description(\"This TC test a multi select in a menu\")\n    def test_multy_select(self):\n        try:\n            self.step_go_to_multy_select()\n            self.step_select_multiple_choices()\n        except:\n>           pytest.fail(\"Test failed, see attached screen shot\")\nE           Failed: Test failed, see attached screen shot\n\ntest_actions.py:80: Failed"}, "description": "This TC test a multi select in a menu", "steps": [{"name": "Step1- Navigate to multy select menu", "status": "broken", "statusDetails": {"message": "selenium.common.exceptions.TimeoutException: Message: timeout: Timed out receiving message from renderer: 2.803\n  (Session info: chrome=108.0.5359.125)\nStacktrace:\nBacktrace:\n\t(No symbol) [0x00F0F243]\n\t(No symbol) [0x00E97FD1]\n\t(No symbol) [0x00D8D04D]\n\t(No symbol) [0x00D7FC24]\n\t(No symbol) [0x00D7FA5C]\n\t(No symbol) [0x00D7E7E8]\n\t(No symbol) [0x00D7EEF7]\n\t(No symbol) [0x00D87F08]\n\t(No symbol) [0x00D93455]\n\t(No symbol) [0x00D96766]\n\t(No symbol) [0x00D7F2A1]\n\t(No symbol) [0x00D9328F]\n\t(No symbol) [0x00DECDCE]\n\t(No symbol) [0x00DD8386]\n\t(No symbol) [0x00DB163C]\n\t(No symbol) [0x00DB269D]\n\tGetHandleVerifier [0x011A9A22+2655074]\n\tGetHandleVerifier [0x0119CA24+2601828]\n\tGetHandleVerifier [0x00FB8C0A+619850]\n\tGetHandleVerifier [0x00FB7830+614768]\n\t(No symbol) [0x00EA05FC]\n\t(No symbol) [0x00EA5968]\n\t(No symbol) [0x00EA5A55]\n\t(No symbol) [0x00EB051B]\n\tBaseThreadInitThunk [0x75B47D69+25]\n\tRtlInitializeExceptionChain [0x7737BB9B+107]\n\tRtlClearBits [0x7737BB1F+191]\n\n", "trace": "  File \"C:\\Users\\barka\\AppData\\Roaming\\Python\\Python311\\site-packages\\allure_commons\\_allure.py\", line 192, in impl\n    return func(*a, **kw)\n           ^^^^^^^^^^^^^^\n  File \"C:\\Users\\barka\\PycharmProjects\\Aut_Practice_Py\\DemoQA\\test_actions.py\", line 86, in step_go_to_multy_select\n    driver.get(\"https://demoqa.com/selectable\")\n  File \"C:\\Users\\barka\\AppData\\Roaming\\Python\\Python311\\site-packages\\selenium\\webdriver\\remote\\webdriver.py\", line 455, in get\n    self.execute(Command.GET, {\"url\": url})\n  File \"C:\\Users\\barka\\AppData\\Roaming\\Python\\Python311\\site-packages\\selenium\\webdriver\\remote\\webdriver.py\", line 444, in execute\n    self.error_handler.check_response(response)\n  File \"C:\\Users\\barka\\AppData\\Roaming\\Python\\Python311\\site-packages\\selenium\\webdriver\\remote\\errorhandler.py\", line 249, in check_response\n    raise exception_class(message, screen, stacktrace)\n"}, "start": 1672083405094, "stop": 1672083408112}], "attachments": [{"source": "a44b979e-d683-432e-95c7-8b38b5902c0d-attachment.png", "type": "image/png"}], "start": 1672083405094, "stop": 1672083408331, "uuid": "1e7c24a5-373f-4dfa-b4a9-82af0226af81", "historyId": "0d91dab2de6918c9ded81bb4e69db730", "testCaseId": "4388141e4cf3d14720e9d79f4d3b3d96", "fullName": "test_actions.TestActionsChains#test_multy_select", "labels": [{"name": "suite", "value": "test_actions"}, {"name": "subSuite", "value": "TestActionsChains"}, {"name": "host", "value": "BarLaptop"}, {"name": "thread", "value": "15504-MainThread"}, {"name": "framework", "value": "pytest"}, {"name": "language", "value": "cpython3"}, {"name": "package", "value": "test_actions"}]}