{"name": "TC 03 - Rename a task", "status": "failed", "statusDetails": {"message": "Failed: View screen shot", "trace": "self = <test_todo_app_allure.TestToDoActionsApp object at 0x0000022EDCE065D0>\n\n    @allure.title(\"TC 03 - Rename a task\")\n    @allure.description(\"Create new task and rename it\")\n    def test_tc03(self):\n        try:\n            self.step_add_task3()\n>           self.step_rename_task()\n\ntest_todo_app_allure.py:99: \n_ _ _ _ _ _ _ _ _ _ _ _ _ _ _ _ _ _ _ _ _ _ _ _ _ _ _ _ _ _ _ _ _ _ _ _ _ _ _ _ _ _ _ _ _ _ _ _ _ _ _ _ _ _ _ _ _ _ _ _ _ _ _ _ _ _ _ _ _ _ _ _ _ _ _ _ _ _ _ _ _ _ _ _ _ _ _ _ _ _ _ _\n\na = (<test_todo_app_allure.TestToDoActionsApp object at 0x0000022EDCE065D0>,), kw = {}, __tracebackhide__ = True, params = OrderedDict()\nargs = ['<test_todo_app_allure.TestToDoActionsApp object at 0x0000022EDCE065D0>']\n\n    @wraps(func)\n    def impl(*a, **kw):\n        __tracebackhide__ = True\n        params = func_parameters(func, *a, **kw)\n        args = list(map(lambda x: represent(x), a))\n        with StepContext(self.title.format(*args, **params), params):\n>           return func(*a, **kw)\n\n..\\..\\..\\..\\AppData\\Roaming\\Python\\Python311\\site-packages\\allure_commons\\_allure.py:192: \n_ _ _ _ _ _ _ _ _ _ _ _ _ _ _ _ _ _ _ _ _ _ _ _ _ _ _ _ _ _ _ _ _ _ _ _ _ _ _ _ _ _ _ _ _ _ _ _ _ _ _ _ _ _ _ _ _ _ _ _ _ _ _ _ _ _ _ _ _ _ _ _ _ _ _ _ _ _ _ _ _ _ _ _ _ _ _ _ _ _ _ _\n\nself = <test_todo_app_allure.TestToDoActionsApp object at 0x0000022EDCE065D0>\n\n    @allure.step(\"Rename 'test3' to 'NewTest' \")\n    def step_rename_task(self):\n        action = ActionChains(driver)\n        textfield = driver.find_elements(By.XPATH, \"//div[@class='view']/label\")[0]\n        #driver.execute_script(\"arguments[0].contentEditable='true';\", textfield)\n        action.double_click(textfield).perform()\n>       driver.find_elements(By.CSS_SELECTOR, \"li.editing\")[0].clear()\n\ntest_todo_app_allure.py:119: \n_ _ _ _ _ _ _ _ _ _ _ _ _ _ _ _ _ _ _ _ _ _ _ _ _ _ _ _ _ _ _ _ _ _ _ _ _ _ _ _ _ _ _ _ _ _ _ _ _ _ _ _ _ _ _ _ _ _ _ _ _ _ _ _ _ _ _ _ _ _ _ _ _ _ _ _ _ _ _ _ _ _ _ _ _ _ _ _ _ _ _ _\n\nself = <selenium.webdriver.remote.webelement.WebElement (session=\"a35c01aaa4a904fd8208027c2d4f1b5d\", element=\"570f5015-bfe3-4f70-b668-3f64fe2e392d\")>\n\n    def clear(self) -> None:\n        \"\"\"Clears the text if it's a text entry element.\"\"\"\n>       self._execute(Command.CLEAR_ELEMENT)\n\n..\\..\\..\\..\\AppData\\Roaming\\Python\\Python311\\site-packages\\selenium\\webdriver\\remote\\webelement.py:116: \n_ _ _ _ _ _ _ _ _ _ _ _ _ _ _ _ _ _ _ _ _ _ _ _ _ _ _ _ _ _ _ _ _ _ _ _ _ _ _ _ _ _ _ _ _ _ _ _ _ _ _ _ _ _ _ _ _ _ _ _ _ _ _ _ _ _ _ _ _ _ _ _ _ _ _ _ _ _ _ _ _ _ _ _ _ _ _ _ _ _ _ _\n\nself = <selenium.webdriver.remote.webelement.WebElement (session=\"a35c01aaa4a904fd8208027c2d4f1b5d\", element=\"570f5015-bfe3-4f70-b668-3f64fe2e392d\")>, command = 'clearElement'\nparams = {'id': '570f5015-bfe3-4f70-b668-3f64fe2e392d'}\n\n    def _execute(self, command, params=None):\n        \"\"\"Executes a command against the underlying HTML element.\n    \n        Args:\n          command: The name of the command to _execute as a string.\n          params: A dictionary of named parameters to send with the command.\n    \n        Returns:\n          The command's JSON response loaded into a dictionary object.\n        \"\"\"\n        if not params:\n            params = {}\n        params[\"id\"] = self._id\n>       return self._parent.execute(command, params)\n\n..\\..\\..\\..\\AppData\\Roaming\\Python\\Python311\\site-packages\\selenium\\webdriver\\remote\\webelement.py:410: \n_ _ _ _ _ _ _ _ _ _ _ _ _ _ _ _ _ _ _ _ _ _ _ _ _ _ _ _ _ _ _ _ _ _ _ _ _ _ _ _ _ _ _ _ _ _ _ _ _ _ _ _ _ _ _ _ _ _ _ _ _ _ _ _ _ _ _ _ _ _ _ _ _ _ _ _ _ _ _ _ _ _ _ _ _ _ _ _ _ _ _ _\n\nself = <selenium.webdriver.chrome.webdriver.WebDriver (session=\"a35c01aaa4a904fd8208027c2d4f1b5d\")>, driver_command = 'clearElement'\nparams = {'id': '570f5015-bfe3-4f70-b668-3f64fe2e392d'}\n\n    def execute(self, driver_command: str, params: dict = None) -> dict:\n        \"\"\"\n        Sends a command to be executed by a command.CommandExecutor.\n    \n        :Args:\n         - driver_command: The name of the command to execute as a string.\n         - params: A dictionary of named parameters to send with the command.\n    \n        :Returns:\n          The command's JSON response loaded into a dictionary object.\n        \"\"\"\n        params = self._wrap_value(params)\n    \n        if self.session_id:\n            if not params:\n                params = {\"sessionId\": self.session_id}\n            elif \"sessionId\" not in params:\n                params[\"sessionId\"] = self.session_id\n    \n        response = self.command_executor.execute(driver_command, params)\n        if response:\n>           self.error_handler.check_response(response)\n\n..\\..\\..\\..\\AppData\\Roaming\\Python\\Python311\\site-packages\\selenium\\webdriver\\remote\\webdriver.py:444: \n_ _ _ _ _ _ _ _ _ _ _ _ _ _ _ _ _ _ _ _ _ _ _ _ _ _ _ _ _ _ _ _ _ _ _ _ _ _ _ _ _ _ _ _ _ _ _ _ _ _ _ _ _ _ _ _ _ _ _ _ _ _ _ _ _ _ _ _ _ _ _ _ _ _ _ _ _ _ _ _ _ _ _ _ _ _ _ _ _ _ _ _\n\nself = <selenium.webdriver.remote.errorhandler.ErrorHandler object at 0x0000022EDA931610>\nresponse = {'status': 400, 'value': '{\"value\":{\"error\":\"invalid element state\",\"message\":\"invalid element state\\\\n  (Session info...dInitThunk [0x76D67D69+25]\\\\n\\\\tRtlInitializeExceptionChain [0x77DDBB9B+107]\\\\n\\\\tRtlClearBits [0x77DDBB1F+191]\\\\n\"}}'}\n\n    def check_response(self, response: Dict[str, Any]) -> None:\n        \"\"\"\n        Checks that a JSON response from the WebDriver does not have an error.\n    \n        :Args:\n         - response - The JSON response from the WebDriver server as a dictionary\n           object.\n    \n        :Raises: If the response contains an error message.\n        \"\"\"\n        status = response.get(\"status\", None)\n        if not status or status == ErrorCode.SUCCESS:\n            return\n        value = None\n        message = response.get(\"message\", \"\")\n        screen: str = response.get(\"screen\", \"\")\n        stacktrace = None\n        if isinstance(status, int):\n            value_json = response.get(\"value\", None)\n            if value_json and isinstance(value_json, str):\n                import json\n    \n                try:\n                    value = json.loads(value_json)\n                    if len(value.keys()) == 1:\n                        value = value[\"value\"]\n                    status = value.get(\"error\", None)\n                    if not status:\n                        status = value.get(\"status\", ErrorCode.UNKNOWN_ERROR)\n                        message = value.get(\"value\") or value.get(\"message\")\n                        if not isinstance(message, str):\n                            value = message\n                            message = message.get(\"message\")\n                    else:\n                        message = value.get(\"message\", None)\n                except ValueError:\n                    pass\n    \n        exception_class: Type[WebDriverException]\n        if status in ErrorCode.NO_SUCH_ELEMENT:\n            exception_class = NoSuchElementException\n        elif status in ErrorCode.NO_SUCH_FRAME:\n            exception_class = NoSuchFrameException\n        elif status in ErrorCode.NO_SUCH_SHADOW_ROOT:\n            exception_class = NoSuchShadowRootException\n        elif status in ErrorCode.NO_SUCH_WINDOW:\n            exception_class = NoSuchWindowException\n        elif status in ErrorCode.STALE_ELEMENT_REFERENCE:\n            exception_class = StaleElementReferenceException\n        elif status in ErrorCode.ELEMENT_NOT_VISIBLE:\n            exception_class = ElementNotVisibleException\n        elif status in ErrorCode.INVALID_ELEMENT_STATE:\n            exception_class = InvalidElementStateException\n        elif (\n            status in ErrorCode.INVALID_SELECTOR\n            or status in ErrorCode.INVALID_XPATH_SELECTOR\n            or status in ErrorCode.INVALID_XPATH_SELECTOR_RETURN_TYPER\n        ):\n            exception_class = InvalidSelectorException\n        elif status in ErrorCode.ELEMENT_IS_NOT_SELECTABLE:\n            exception_class = ElementNotSelectableException\n        elif status in ErrorCode.ELEMENT_NOT_INTERACTABLE:\n            exception_class = ElementNotInteractableException\n        elif status in ErrorCode.INVALID_COOKIE_DOMAIN:\n            exception_class = InvalidCookieDomainException\n        elif status in ErrorCode.UNABLE_TO_SET_COOKIE:\n            exception_class = UnableToSetCookieException\n        elif status in ErrorCode.TIMEOUT:\n            exception_class = TimeoutException\n        elif status in ErrorCode.SCRIPT_TIMEOUT:\n            exception_class = TimeoutException\n        elif status in ErrorCode.UNKNOWN_ERROR:\n            exception_class = WebDriverException\n        elif status in ErrorCode.UNEXPECTED_ALERT_OPEN:\n            exception_class = UnexpectedAlertPresentException\n        elif status in ErrorCode.NO_ALERT_OPEN:\n            exception_class = NoAlertPresentException\n        elif status in ErrorCode.IME_NOT_AVAILABLE:\n            exception_class = ImeNotAvailableException\n        elif status in ErrorCode.IME_ENGINE_ACTIVATION_FAILED:\n            exception_class = ImeActivationFailedException\n        elif status in ErrorCode.MOVE_TARGET_OUT_OF_BOUNDS:\n            exception_class = MoveTargetOutOfBoundsException\n        elif status in ErrorCode.JAVASCRIPT_ERROR:\n            exception_class = JavascriptException\n        elif status in ErrorCode.SESSION_NOT_CREATED:\n            exception_class = SessionNotCreatedException\n        elif status in ErrorCode.INVALID_ARGUMENT:\n            exception_class = InvalidArgumentException\n        elif status in ErrorCode.NO_SUCH_COOKIE:\n            exception_class = NoSuchCookieException\n        elif status in ErrorCode.UNABLE_TO_CAPTURE_SCREEN:\n            exception_class = ScreenshotException\n        elif status in ErrorCode.ELEMENT_CLICK_INTERCEPTED:\n            exception_class = ElementClickInterceptedException\n        elif status in ErrorCode.INSECURE_CERTIFICATE:\n            exception_class = InsecureCertificateException\n        elif status in ErrorCode.INVALID_COORDINATES:\n            exception_class = InvalidCoordinatesException\n        elif status in ErrorCode.INVALID_SESSION_ID:\n            exception_class = InvalidSessionIdException\n        elif status in ErrorCode.UNKNOWN_METHOD:\n            exception_class = UnknownMethodException\n        else:\n            exception_class = WebDriverException\n        if not value:\n            value = response[\"value\"]\n        if isinstance(value, str):\n            raise exception_class(value)\n        if message == \"\" and \"message\" in value:\n            message = value[\"message\"]\n    \n        screen = None  # type: ignore[assignment]\n        if \"screen\" in value:\n            screen = value[\"screen\"]\n    \n        stacktrace = None\n        st_value = value.get(\"stackTrace\") or value.get(\"stacktrace\")\n        if st_value:\n            if isinstance(st_value, str):\n                stacktrace = st_value.split(\"\\n\")\n            else:\n                stacktrace = []\n                try:\n                    for frame in st_value:\n                        line = frame.get(\"lineNumber\", \"\")\n                        file = frame.get(\"fileName\", \"<anonymous>\")\n                        if line:\n                            file = f\"{file}:{line}\"\n                        meth = frame.get(\"methodName\", \"<anonymous>\")\n                        if \"className\" in frame:\n                            meth = \"{}.{}\".format(frame[\"className\"], meth)\n                        msg = \"    at %s (%s)\"\n                        msg = msg % (meth, file)\n                        stacktrace.append(msg)\n                except TypeError:\n                    pass\n        if exception_class == UnexpectedAlertPresentException:\n            alert_text = None\n            if \"data\" in value:\n                alert_text = value[\"data\"].get(\"text\")\n            elif \"alert\" in value:\n                alert_text = value[\"alert\"].get(\"text\")\n            raise exception_class(message, screen, stacktrace, alert_text)  # type: ignore[call-arg]  # mypy is not smart enough here\n>       raise exception_class(message, screen, stacktrace)\nE       selenium.common.exceptions.InvalidElementStateException: Message: invalid element state\nE         (Session info: chrome=108.0.5359.125)\nE       Stacktrace:\nE       Backtrace:\nE       \t(No symbol) [0x00C9F243]\nE       \t(No symbol) [0x00C27FD1]\nE       \t(No symbol) [0x00B1CF10]\nE       \t(No symbol) [0x00B44CE7]\nE       \t(No symbol) [0x00B6858C]\nE       \t(No symbol) [0x00B42BFF]\nE       \t(No symbol) [0x00B68804]\nE       \t(No symbol) [0x00B7C9EB]\nE       \t(No symbol) [0x00B68386]\nE       \t(No symbol) [0x00B4163C]\nE       \t(No symbol) [0x00B4269D]\nE       \tGetHandleVerifier [0x00F39A22+2655074]\nE       \tGetHandleVerifier [0x00F2CA24+2601828]\nE       \tGetHandleVerifier [0x00D48C0A+619850]\nE       \tGetHandleVerifier [0x00D47830+614768]\nE       \t(No symbol) [0x00C305FC]\nE       \t(No symbol) [0x00C35968]\nE       \t(No symbol) [0x00C35A55]\nE       \t(No symbol) [0x00C4051B]\nE       \tBaseThreadInitThunk [0x76D67D69+25]\nE       \tRtlInitializeExceptionChain [0x77DDBB9B+107]\nE       \tRtlClearBits [0x77DDBB1F+191]\n\n..\\..\\..\\..\\AppData\\Roaming\\Python\\Python311\\site-packages\\selenium\\webdriver\\remote\\errorhandler.py:249: InvalidElementStateException\n\nDuring handling of the above exception, another exception occurred:\n\nself = <test_todo_app_allure.TestToDoActionsApp object at 0x0000022EDCE065D0>\n\n    @allure.title(\"TC 03 - Rename a task\")\n    @allure.description(\"Create new task and rename it\")\n    def test_tc03(self):\n        try:\n            self.step_add_task3()\n            self.step_rename_task()\n    \n        except Exception as error:\n            print(error)\n>           pytest.fail(\"View screen shot\")\nE           Failed: View screen shot\n\ntest_todo_app_allure.py:103: Failed"}, "description": "Create new task and rename it", "steps": [{"name": "Create test3 task", "status": "passed", "start": 1673458872670, "stop": 1673458872731}, {"name": "Rename 'test3' to 'NewTest' ", "status": "broken", "statusDetails": {"message": "selenium.common.exceptions.InvalidElementStateException: Message: invalid element state\n  (Session info: chrome=108.0.5359.125)\nStacktrace:\nBacktrace:\n\t(No symbol) [0x00C9F243]\n\t(No symbol) [0x00C27FD1]\n\t(No symbol) [0x00B1CF10]\n\t(No symbol) [0x00B44CE7]\n\t(No symbol) [0x00B6858C]\n\t(No symbol) [0x00B42BFF]\n\t(No symbol) [0x00B68804]\n\t(No symbol) [0x00B7C9EB]\n\t(No symbol) [0x00B68386]\n\t(No symbol) [0x00B4163C]\n\t(No symbol) [0x00B4269D]\n\tGetHandleVerifier [0x00F39A22+2655074]\n\tGetHandleVerifier [0x00F2CA24+2601828]\n\tGetHandleVerifier [0x00D48C0A+619850]\n\tGetHandleVerifier [0x00D47830+614768]\n\t(No symbol) [0x00C305FC]\n\t(No symbol) [0x00C35968]\n\t(No symbol) [0x00C35A55]\n\t(No symbol) [0x00C4051B]\n\tBaseThreadInitThunk [0x76D67D69+25]\n\tRtlInitializeExceptionChain [0x77DDBB9B+107]\n\tRtlClearBits [0x77DDBB1F+191]\n\n", "trace": "  File \"C:\\Users\\barka\\AppData\\Roaming\\Python\\Python311\\site-packages\\allure_commons\\_allure.py\", line 192, in impl\n    return func(*a, **kw)\n           ^^^^^^^^^^^^^^\n  File \"C:\\Users\\barka\\PycharmProjects\\Aut_Practice_Py\\Course_interview_questions\\ToDo App\\test_todo_app_allure.py\", line 119, in step_rename_task\n    driver.find_elements(By.CSS_SELECTOR, \"li.editing\")[0].clear()\n  File \"C:\\Users\\barka\\AppData\\Roaming\\Python\\Python311\\site-packages\\selenium\\webdriver\\remote\\webelement.py\", line 116, in clear\n    self._execute(Command.CLEAR_ELEMENT)\n  File \"C:\\Users\\barka\\AppData\\Roaming\\Python\\Python311\\site-packages\\selenium\\webdriver\\remote\\webelement.py\", line 410, in _execute\n    return self._parent.execute(command, params)\n           ^^^^^^^^^^^^^^^^^^^^^^^^^^^^^^^^^^^^^\n  File \"C:\\Users\\barka\\AppData\\Roaming\\Python\\Python311\\site-packages\\selenium\\webdriver\\remote\\webdriver.py\", line 444, in execute\n    self.error_handler.check_response(response)\n  File \"C:\\Users\\barka\\AppData\\Roaming\\Python\\Python311\\site-packages\\selenium\\webdriver\\remote\\errorhandler.py\", line 249, in check_response\n    raise exception_class(message, screen, stacktrace)\n"}, "start": 1673458872731, "stop": 1673458873043}], "attachments": [{"source": "9a33d642-9f58-4a0f-be66-aa918094a3c8-attachment.png", "type": "image/png"}], "start": 1673458872670, "stop": 1673458873235, "uuid": "8d7a2930-c515-4f4d-9bbe-93397fb5b85d", "historyId": "5fae9314f0483a2883632e657004ba3e", "testCaseId": "c10d7e136cca7e74a49bdc58d76c5937", "fullName": "test_todo_app_allure.TestToDoActionsApp#test_tc03", "labels": [{"name": "suite", "value": "test_todo_app_allure"}, {"name": "subSuite", "value": "TestToDoActionsApp"}, {"name": "host", "value": "BarLaptop"}, {"name": "thread", "value": "6948-MainThread"}, {"name": "framework", "value": "pytest"}, {"name": "language", "value": "cpython3"}, {"name": "package", "value": "test_todo_app_allure"}]}