{"name": "TC 02 - Delete an assignment", "status": "failed", "statusDetails": {"message": "Failed: View screen shot", "trace": "self = <test_todo_app_allure.TestToDoActionsApp object at 0x000001A5D9884B90>\n\n    @allure.title(\"TC 02 - Delete an assignment\")\n    @allure.description(\"Create a new assignment and delete it\")\n    def test_tc02(self):\n        try:\n>           self.step_delete_task()\n\ntest_todo_app_allure.py:62: \n_ _ _ _ _ _ _ _ _ _ _ _ _ _ _ _ _ _ _ _ _ _ _ _ _ _ _ _ _ _ _ _ _ _ _ _ _ _ _ _ _ _ _ _ _ _ _ _ _ _ _ _ _ _ _ _ _ _ _ _ _ _ _ _ _ _ _ _ _ _ _ _ _ _ _ _ _ _ _ _ _ _ _ _ _ _ _ _ _ _ _ _ _ _ _ _ _ _ _ _ _ _ _ _ _ _ _ _ _ _ _ _ _ _ _ _\n\na = (<test_todo_app_allure.TestToDoActionsApp object at 0x000001A5D9884B90>,), kw = {}, __tracebackhide__ = True, params = OrderedDict(), args = ['<test_todo_app_allure.TestToDoActionsApp object at 0x000001A5D9884B90>']\n\n    @wraps(func)\n    def impl(*a, **kw):\n        __tracebackhide__ = True\n        params = func_parameters(func, *a, **kw)\n        args = list(map(lambda x: represent(x), a))\n        with StepContext(self.title.format(*args, **params), params):\n>           return func(*a, **kw)\n\n..\\..\\..\\..\\AppData\\Local\\Programs\\Python\\Python311\\Lib\\site-packages\\allure_commons\\_allure.py:192: \n_ _ _ _ _ _ _ _ _ _ _ _ _ _ _ _ _ _ _ _ _ _ _ _ _ _ _ _ _ _ _ _ _ _ _ _ _ _ _ _ _ _ _ _ _ _ _ _ _ _ _ _ _ _ _ _ _ _ _ _ _ _ _ _ _ _ _ _ _ _ _ _ _ _ _ _ _ _ _ _ _ _ _ _ _ _ _ _ _ _ _ _ _ _ _ _ _ _ _ _ _ _ _ _ _ _ _ _ _ _ _ _ _ _ _ _\n\nself = <test_todo_app_allure.TestToDoActionsApp object at 0x000001A5D9884B90>\n\n    @allure.step(\"Delete a task\")\n    def step_delete_task(self):\n        action = ActionChains(driver)\n        x_button = driver.find_element(By.CLASS_NAME, \"destroy\")\n>       action.move_to_element(x_button).click().perform()\n\ntest_todo_app_allure.py:76: \n_ _ _ _ _ _ _ _ _ _ _ _ _ _ _ _ _ _ _ _ _ _ _ _ _ _ _ _ _ _ _ _ _ _ _ _ _ _ _ _ _ _ _ _ _ _ _ _ _ _ _ _ _ _ _ _ _ _ _ _ _ _ _ _ _ _ _ _ _ _ _ _ _ _ _ _ _ _ _ _ _ _ _ _ _ _ _ _ _ _ _ _ _ _ _ _ _ _ _ _ _ _ _ _ _ _ _ _ _ _ _ _ _ _ _ _\n\nself = <selenium.webdriver.common.action_chains.ActionChains object at 0x000001A5D98A6650>\n\n    def perform(self):\n        \"\"\"\n        Performs all stored actions.\n        \"\"\"\n>       self.w3c_actions.perform()\n\n..\\..\\..\\..\\AppData\\Local\\Programs\\Python\\Python311\\Lib\\site-packages\\selenium\\webdriver\\common\\action_chains.py:78: \n_ _ _ _ _ _ _ _ _ _ _ _ _ _ _ _ _ _ _ _ _ _ _ _ _ _ _ _ _ _ _ _ _ _ _ _ _ _ _ _ _ _ _ _ _ _ _ _ _ _ _ _ _ _ _ _ _ _ _ _ _ _ _ _ _ _ _ _ _ _ _ _ _ _ _ _ _ _ _ _ _ _ _ _ _ _ _ _ _ _ _ _ _ _ _ _ _ _ _ _ _ _ _ _ _ _ _ _ _ _ _ _ _ _ _ _\n\nself = <selenium.webdriver.common.actions.action_builder.ActionBuilder object at 0x000001A5D98A6790>\n\n    def perform(self) -> None:\n        enc = {\"actions\": []}\n        for device in self.devices:\n            encoded = device.encode()\n            if encoded['actions']:\n                enc[\"actions\"].append(encoded)\n                device.actions = []\n>       self.driver.execute(Command.W3C_ACTIONS, enc)\n\n..\\..\\..\\..\\AppData\\Local\\Programs\\Python\\Python311\\Lib\\site-packages\\selenium\\webdriver\\common\\actions\\action_builder.py:88: \n_ _ _ _ _ _ _ _ _ _ _ _ _ _ _ _ _ _ _ _ _ _ _ _ _ _ _ _ _ _ _ _ _ _ _ _ _ _ _ _ _ _ _ _ _ _ _ _ _ _ _ _ _ _ _ _ _ _ _ _ _ _ _ _ _ _ _ _ _ _ _ _ _ _ _ _ _ _ _ _ _ _ _ _ _ _ _ _ _ _ _ _ _ _ _ _ _ _ _ _ _ _ _ _ _ _ _ _ _ _ _ _ _ _ _ _\n\nself = <selenium.webdriver.chrome.webdriver.WebDriver (session=\"ca12a4c249488ba663e2934fbedf6aa2\")>, driver_command = 'actions'\nparams = {'actions': [{'actions': [{'duration': 250, 'origin': {'element-6066-11e4-a52e-4f735466cecf': 'ae319b41-4886-4870-97b9...0, 'type': 'pause'}, {'duration': 0, 'type': 'pause'}, {'duration': 0, 'type': 'pause'}], 'id': 'key', 'type': 'key'}]}\n\n    def execute(self, driver_command: str, params: dict = None) -> dict:\n        \"\"\"\n        Sends a command to be executed by a command.CommandExecutor.\n    \n        :Args:\n         - driver_command: The name of the command to execute as a string.\n         - params: A dictionary of named parameters to send with the command.\n    \n        :Returns:\n          The command's JSON response loaded into a dictionary object.\n        \"\"\"\n        if self.session_id:\n            if not params:\n                params = {'sessionId': self.session_id}\n            elif 'sessionId' not in params:\n                params['sessionId'] = self.session_id\n    \n        params = self._wrap_value(params)\n        response = self.command_executor.execute(driver_command, params)\n        if response:\n>           self.error_handler.check_response(response)\n\n..\\..\\..\\..\\AppData\\Local\\Programs\\Python\\Python311\\Lib\\site-packages\\selenium\\webdriver\\remote\\webdriver.py:429: \n_ _ _ _ _ _ _ _ _ _ _ _ _ _ _ _ _ _ _ _ _ _ _ _ _ _ _ _ _ _ _ _ _ _ _ _ _ _ _ _ _ _ _ _ _ _ _ _ _ _ _ _ _ _ _ _ _ _ _ _ _ _ _ _ _ _ _ _ _ _ _ _ _ _ _ _ _ _ _ _ _ _ _ _ _ _ _ _ _ _ _ _ _ _ _ _ _ _ _ _ _ _ _ _ _ _ _ _ _ _ _ _ _ _ _ _\n\nself = <selenium.webdriver.remote.errorhandler.ErrorHandler object at 0x000001A5D8E0D8D0>\nresponse = {'status': 400, 'value': '{\"value\":{\"error\":\"element not interactable\",\"message\":\"element not interactable: [object HT...\\n\\\\tRtlGetAppContainerNamedObjectPath [0x77617BBE+286]\\\\n\\\\tRtlGetAppContainerNamedObjectPath [0x77617B8E+238]\\\\n\"}}'}\n\n    def check_response(self, response: Dict[str, Any]) -> None:\n        \"\"\"\n        Checks that a JSON response from the WebDriver does not have an error.\n    \n        :Args:\n         - response - The JSON response from the WebDriver server as a dictionary\n           object.\n    \n        :Raises: If the response contains an error message.\n        \"\"\"\n        status = response.get('status', None)\n        if not status or status == ErrorCode.SUCCESS:\n            return\n        value = None\n        message = response.get(\"message\", \"\")\n        screen: str = response.get(\"screen\", \"\")\n        stacktrace = None\n        if isinstance(status, int):\n            value_json = response.get('value', None)\n            if value_json and isinstance(value_json, str):\n                import json\n                try:\n                    value = json.loads(value_json)\n                    if len(value.keys()) == 1:\n                        value = value['value']\n                    status = value.get('error', None)\n                    if not status:\n                        status = value.get(\"status\", ErrorCode.UNKNOWN_ERROR)\n                        message = value.get(\"value\") or value.get(\"message\")\n                        if not isinstance(message, str):\n                            value = message\n                            message = message.get('message')\n                    else:\n                        message = value.get('message', None)\n                except ValueError:\n                    pass\n    \n        exception_class: Type[WebDriverException]\n        if status in ErrorCode.NO_SUCH_ELEMENT:\n            exception_class = NoSuchElementException\n        elif status in ErrorCode.NO_SUCH_FRAME:\n            exception_class = NoSuchFrameException\n        elif status in ErrorCode.NO_SUCH_SHADOW_ROOT:\n            exception_class = NoSuchShadowRootException\n        elif status in ErrorCode.NO_SUCH_WINDOW:\n            exception_class = NoSuchWindowException\n        elif status in ErrorCode.STALE_ELEMENT_REFERENCE:\n            exception_class = StaleElementReferenceException\n        elif status in ErrorCode.ELEMENT_NOT_VISIBLE:\n            exception_class = ElementNotVisibleException\n        elif status in ErrorCode.INVALID_ELEMENT_STATE:\n            exception_class = InvalidElementStateException\n        elif status in ErrorCode.INVALID_SELECTOR \\\n                or status in ErrorCode.INVALID_XPATH_SELECTOR \\\n                or status in ErrorCode.INVALID_XPATH_SELECTOR_RETURN_TYPER:\n            exception_class = InvalidSelectorException\n        elif status in ErrorCode.ELEMENT_IS_NOT_SELECTABLE:\n            exception_class = ElementNotSelectableException\n        elif status in ErrorCode.ELEMENT_NOT_INTERACTABLE:\n            exception_class = ElementNotInteractableException\n        elif status in ErrorCode.INVALID_COOKIE_DOMAIN:\n            exception_class = InvalidCookieDomainException\n        elif status in ErrorCode.UNABLE_TO_SET_COOKIE:\n            exception_class = UnableToSetCookieException\n        elif status in ErrorCode.TIMEOUT:\n            exception_class = TimeoutException\n        elif status in ErrorCode.SCRIPT_TIMEOUT:\n            exception_class = TimeoutException\n        elif status in ErrorCode.UNKNOWN_ERROR:\n            exception_class = WebDriverException\n        elif status in ErrorCode.UNEXPECTED_ALERT_OPEN:\n            exception_class = UnexpectedAlertPresentException\n        elif status in ErrorCode.NO_ALERT_OPEN:\n            exception_class = NoAlertPresentException\n        elif status in ErrorCode.IME_NOT_AVAILABLE:\n            exception_class = ImeNotAvailableException\n        elif status in ErrorCode.IME_ENGINE_ACTIVATION_FAILED:\n            exception_class = ImeActivationFailedException\n        elif status in ErrorCode.MOVE_TARGET_OUT_OF_BOUNDS:\n            exception_class = MoveTargetOutOfBoundsException\n        elif status in ErrorCode.JAVASCRIPT_ERROR:\n            exception_class = JavascriptException\n        elif status in ErrorCode.SESSION_NOT_CREATED:\n            exception_class = SessionNotCreatedException\n        elif status in ErrorCode.INVALID_ARGUMENT:\n            exception_class = InvalidArgumentException\n        elif status in ErrorCode.NO_SUCH_COOKIE:\n            exception_class = NoSuchCookieException\n        elif status in ErrorCode.UNABLE_TO_CAPTURE_SCREEN:\n            exception_class = ScreenshotException\n        elif status in ErrorCode.ELEMENT_CLICK_INTERCEPTED:\n            exception_class = ElementClickInterceptedException\n        elif status in ErrorCode.INSECURE_CERTIFICATE:\n            exception_class = InsecureCertificateException\n        elif status in ErrorCode.INVALID_COORDINATES:\n            exception_class = InvalidCoordinatesException\n        elif status in ErrorCode.INVALID_SESSION_ID:\n            exception_class = InvalidSessionIdException\n        elif status in ErrorCode.UNKNOWN_METHOD:\n            exception_class = UnknownMethodException\n        else:\n            exception_class = WebDriverException\n        if not value:\n            value = response['value']\n        if isinstance(value, str):\n            raise exception_class(value)\n        if message == \"\" and 'message' in value:\n            message = value['message']\n    \n        screen = None  # type: ignore[assignment]\n        if 'screen' in value:\n            screen = value['screen']\n    \n        stacktrace = None\n        st_value = value.get('stackTrace') or value.get('stacktrace')\n        if st_value:\n            if isinstance(st_value, str):\n                stacktrace = st_value.split('\\n')\n            else:\n                stacktrace = []\n                try:\n                    for frame in st_value:\n                        line = frame.get(\"lineNumber\", \"\")\n                        file = frame.get(\"fileName\", \"<anonymous>\")\n                        if line:\n                            file = f\"{file}:{line}\"\n                        meth = frame.get('methodName', '<anonymous>')\n                        if 'className' in frame:\n                            meth = \"{}.{}\".format(frame['className'], meth)\n                        msg = \"    at %s (%s)\"\n                        msg = msg % (meth, file)\n                        stacktrace.append(msg)\n                except TypeError:\n                    pass\n        if exception_class == UnexpectedAlertPresentException:\n            alert_text = None\n            if 'data' in value:\n                alert_text = value['data'].get('text')\n            elif 'alert' in value:\n                alert_text = value['alert'].get('text')\n            raise exception_class(message, screen, stacktrace, alert_text)  # type: ignore[call-arg]  # mypy is not smart enough here\n>       raise exception_class(message, screen, stacktrace)\nE       selenium.common.exceptions.ElementNotInteractableException: Message: element not interactable: [object HTMLButtonElement] has no size and location\nE         (Session info: chrome=108.0.5359.125)\nE       Stacktrace:\nE       Backtrace:\nE       \t(No symbol) [0x00A2F243]\nE       \t(No symbol) [0x009B7FD1]\nE       \t(No symbol) [0x008AD04D]\nE       \t(No symbol) [0x008AFD34]\nE       \t(No symbol) [0x008AFBE5]\nE       \t(No symbol) [0x008AFE80]\nE       \t(No symbol) [0x008E1D17]\nE       \t(No symbol) [0x008E1433]\nE       \t(No symbol) [0x00913702]\nE       \t(No symbol) [0x008F858C]\nE       \t(No symbol) [0x0090C9EB]\nE       \t(No symbol) [0x008F8386]\nE       \t(No symbol) [0x008D163C]\nE       \t(No symbol) [0x008D269D]\nE       \tGetHandleVerifier [0x00CC9A22+2655074]\nE       \tGetHandleVerifier [0x00CBCA24+2601828]\nE       \tGetHandleVerifier [0x00AD8C0A+619850]\nE       \tGetHandleVerifier [0x00AD7830+614768]\nE       \t(No symbol) [0x009C05FC]\nE       \t(No symbol) [0x009C5968]\nE       \t(No symbol) [0x009C5A55]\nE       \t(No symbol) [0x009D051B]\nE       \tBaseThreadInitThunk [0x763500F9+25]\nE       \tRtlGetAppContainerNamedObjectPath [0x77617BBE+286]\nE       \tRtlGetAppContainerNamedObjectPath [0x77617B8E+238]\n\n..\\..\\..\\..\\AppData\\Local\\Programs\\Python\\Python311\\Lib\\site-packages\\selenium\\webdriver\\remote\\errorhandler.py:243: ElementNotInteractableException\n\nDuring handling of the above exception, another exception occurred:\n\nself = <test_todo_app_allure.TestToDoActionsApp object at 0x000001A5D9884B90>\n\n    @allure.title(\"TC 02 - Delete an assignment\")\n    @allure.description(\"Create a new assignment and delete it\")\n    def test_tc02(self):\n        try:\n            self.step_delete_task()\n            self.step_check_task_delete()\n    \n        except Exception as error:\n            print(error)\n>           pytest.fail(\"View screen shot\")\nE           Failed: View screen shot\n\ntest_todo_app_allure.py:67: Failed"}, "description": "Create a new assignment and delete it", "steps": [{"name": "Delete a task", "status": "broken", "statusDetails": {"message": "selenium.common.exceptions.ElementNotInteractableException: Message: element not interactable: [object HTMLButtonElement] has no size and location\n  (Session info: chrome=108.0.5359.125)\nStacktrace:\nBacktrace:\n\t(No symbol) [0x00A2F243]\n\t(No symbol) [0x009B7FD1]\n\t(No symbol) [0x008AD04D]\n\t(No symbol) [0x008AFD34]\n\t(No symbol) [0x008AFBE5]\n\t(No symbol) [0x008AFE80]\n\t(No symbol) [0x008E1D17]\n\t(No symbol) [0x008E1433]\n\t(No symbol) [0x00913702]\n\t(No symbol) [0x008F858C]\n\t(No symbol) [0x0090C9EB]\n\t(No symbol) [0x008F8386]\n\t(No symbol) [0x008D163C]\n\t(No symbol) [0x008D269D]\n\tGetHandleVerifier [0x00CC9A22+2655074]\n\tGetHandleVerifier [0x00CBCA24+2601828]\n\tGetHandleVerifier [0x00AD8C0A+619850]\n\tGetHandleVerifier [0x00AD7830+614768]\n\t(No symbol) [0x009C05FC]\n\t(No symbol) [0x009C5968]\n\t(No symbol) [0x009C5A55]\n\t(No symbol) [0x009D051B]\n\tBaseThreadInitThunk [0x763500F9+25]\n\tRtlGetAppContainerNamedObjectPath [0x77617BBE+286]\n\tRtlGetAppContainerNamedObjectPath [0x77617B8E+238]\n\n", "trace": "  File \"C:\\Users\\Bar\\AppData\\Local\\Programs\\Python\\Python311\\Lib\\site-packages\\allure_commons\\_allure.py\", line 192, in impl\n    return func(*a, **kw)\n           ^^^^^^^^^^^^^^\n  File \"C:\\Users\\Bar\\PycharmProjects\\Aut_Practice_Py\\Course_interview_questions\\ToDo App\\test_todo_app_allure.py\", line 76, in step_delete_task\n    action.move_to_element(x_button).click().perform()\n  File \"C:\\Users\\Bar\\AppData\\Local\\Programs\\Python\\Python311\\Lib\\site-packages\\selenium\\webdriver\\common\\action_chains.py\", line 78, in perform\n    self.w3c_actions.perform()\n  File \"C:\\Users\\Bar\\AppData\\Local\\Programs\\Python\\Python311\\Lib\\site-packages\\selenium\\webdriver\\common\\actions\\action_builder.py\", line 88, in perform\n    self.driver.execute(Command.W3C_ACTIONS, enc)\n  File \"C:\\Users\\Bar\\AppData\\Local\\Programs\\Python\\Python311\\Lib\\site-packages\\selenium\\webdriver\\remote\\webdriver.py\", line 429, in execute\n    self.error_handler.check_response(response)\n  File \"C:\\Users\\Bar\\AppData\\Local\\Programs\\Python\\Python311\\Lib\\site-packages\\selenium\\webdriver\\remote\\errorhandler.py\", line 243, in check_response\n    raise exception_class(message, screen, stacktrace)\n"}, "start": 1672864651299, "stop": 1672864651314}], "attachments": [{"source": "610b349d-16f7-4064-a307-202f527d3e80-attachment.png", "type": "image/png"}], "start": 1672864651299, "stop": 1672864651437, "uuid": "7fd69e1d-a0c5-49a1-87e2-b5ec74af8ab4", "historyId": "c14ef32e13854b5c934cc42dfeefc51d", "testCaseId": "ab1d7e1d77fb4a71b0068a8498b343ee", "fullName": "test_todo_app_allure.TestToDoActionsApp#test_tc02", "labels": [{"name": "suite", "value": "test_todo_app_allure"}, {"name": "subSuite", "value": "TestToDoActionsApp"}, {"name": "host", "value": "DESKTOP-E90KOTT"}, {"name": "thread", "value": "8420-MainThread"}, {"name": "framework", "value": "pytest"}, {"name": "language", "value": "cpython3"}, {"name": "package", "value": "test_todo_app_allure"}]}